----------------------------------------------------------------
Tue Oct 22 18:32:43 IST 2019:
Booting Derby version The Apache Software Foundation - Apache Derby - 10.14.2.0 - (1828579): instance a816c00e-016d-f38f-fe09-00000bb0b5e0 
on database directory memory:/home/jegan/microservices-pune-june-2019/customer-ms/testdb with class loader sun.misc.Launcher$AppClassLoader@764c12b6 
Loaded from file:/home/jegan/.m2/repository/org/apache/derby/derby/10.14.2.0/derby-10.14.2.0.jar
java.vendor=Oracle Corporation
java.runtime.version=1.8.0_222-b10
user.dir=/home/jegan/microservices-pune-june-2019/customer-ms
os.name=Linux
os.arch=amd64
os.version=3.10.0-862.el7.x86_64
derby.system.home=null
Database Class Loader started - derby.database.classpath=''
----------------------------------------------------------------
Wed Oct 23 08:32:02 IST 2019:
Shutting down instance a816c00e-016d-f38f-fe09-00000bb0b5e0 on database directory memory:/home/jegan/microservices-pune-june-2019/customer-ms/testdb with class loader sun.misc.Launcher$AppClassLoader@764c12b6 
----------------------------------------------------------------
Wed Oct 23 08:32:05 IST 2019:
Booting Derby version The Apache Software Foundation - Apache Derby - 10.14.2.0 - (1828579): instance 070a00b0-016d-f38f-fe09-00000bb0b5e0 
on database directory memory:/home/jegan/microservices-pune-june-2019/customer-ms/testdb with class loader sun.misc.Launcher$AppClassLoader@764c12b6 
Loaded from file:/home/jegan/.m2/repository/org/apache/derby/derby/10.14.2.0/derby-10.14.2.0.jar
java.vendor=Oracle Corporation
java.runtime.version=1.8.0_222-b10
user.dir=/home/jegan/microservices-pune-june-2019/customer-ms
os.name=Linux
os.arch=amd64
os.version=3.10.0-862.el7.x86_64
derby.system.home=null
Database Class Loader started - derby.database.classpath=''
----------------------------------------------------------------
Wed Oct 23 08:32:33 IST 2019:
Shutting down instance 070a00b0-016d-f38f-fe09-00000bb0b5e0 on database directory memory:/home/jegan/microservices-pune-june-2019/customer-ms/testdb with class loader sun.misc.Launcher$AppClassLoader@764c12b6 
----------------------------------------------------------------
Wed Oct 23 08:32:34 IST 2019:
Booting Derby version The Apache Software Foundation - Apache Derby - 10.14.2.0 - (1828579): instance 3f9e4152-016d-f38f-fe09-00000bb0b5e0 
on database directory memory:/home/jegan/microservices-pune-june-2019/customer-ms/testdb with class loader sun.misc.Launcher$AppClassLoader@764c12b6 
Loaded from file:/home/jegan/.m2/repository/org/apache/derby/derby/10.14.2.0/derby-10.14.2.0.jar
java.vendor=Oracle Corporation
java.runtime.version=1.8.0_222-b10
user.dir=/home/jegan/microservices-pune-june-2019/customer-ms
os.name=Linux
os.arch=amd64
os.version=3.10.0-862.el7.x86_64
derby.system.home=null
Database Class Loader started - derby.database.classpath=''
----------------------------------------------------------------
Wed Oct 23 08:33:50 IST 2019:
Shutting down instance 3f9e4152-016d-f38f-fe09-00000bb0b5e0 on database directory memory:/home/jegan/microservices-pune-june-2019/customer-ms/testdb with class loader sun.misc.Launcher$AppClassLoader@764c12b6 
----------------------------------------------------------------
Wed Oct 23 08:33:52 IST 2019:
Booting Derby version The Apache Software Foundation - Apache Derby - 10.14.2.0 - (1828579): instance d1d381f4-016d-f38f-fe09-00000bb0b5e0 
on database directory memory:/home/jegan/microservices-pune-june-2019/customer-ms/testdb with class loader sun.misc.Launcher$AppClassLoader@764c12b6 
Loaded from file:/home/jegan/.m2/repository/org/apache/derby/derby/10.14.2.0/derby-10.14.2.0.jar
java.vendor=Oracle Corporation
java.runtime.version=1.8.0_222-b10
user.dir=/home/jegan/microservices-pune-june-2019/customer-ms
os.name=Linux
os.arch=amd64
os.version=3.10.0-862.el7.x86_64
derby.system.home=null
Database Class Loader started - derby.database.classpath=''
----------------------------------------------------------------
Wed Oct 23 08:36:50 IST 2019:
Shutting down instance d1d381f4-016d-f38f-fe09-00000bb0b5e0 on database directory memory:/home/jegan/microservices-pune-june-2019/customer-ms/testdb with class loader sun.misc.Launcher$AppClassLoader@764c12b6 
----------------------------------------------------------------
Wed Oct 23 08:36:51 IST 2019:
Booting Derby version The Apache Software Foundation - Apache Derby - 10.14.2.0 - (1828579): instance 3da9c296-016d-f38f-fe09-00000bb0b5e0 
on database directory memory:/home/jegan/microservices-pune-june-2019/customer-ms/testdb with class loader sun.misc.Launcher$AppClassLoader@764c12b6 
Loaded from file:/home/jegan/.m2/repository/org/apache/derby/derby/10.14.2.0/derby-10.14.2.0.jar
java.vendor=Oracle Corporation
java.runtime.version=1.8.0_222-b10
user.dir=/home/jegan/microservices-pune-june-2019/customer-ms
os.name=Linux
os.arch=amd64
os.version=3.10.0-862.el7.x86_64
derby.system.home=null
Database Class Loader started - derby.database.classpath=''
----------------------------------------------------------------
Wed Oct 23 10:09:48 IST 2019:
Shutting down instance 3da9c296-016d-f38f-fe09-00000bb0b5e0 on database directory memory:/home/jegan/microservices-pune-june-2019/customer-ms/testdb with class loader sun.misc.Launcher$AppClassLoader@764c12b6 
----------------------------------------------------------------
Wed Oct 23 10:09:51 IST 2019:
Booting Derby version The Apache Software Foundation - Apache Derby - 10.14.2.0 - (1828579): instance 03210338-016d-f38f-fe09-00000bb0b5e0 
on database directory memory:/home/jegan/microservices-pune-june-2019/customer-ms/testdb with class loader sun.misc.Launcher$AppClassLoader@764c12b6 
Loaded from file:/home/jegan/.m2/repository/org/apache/derby/derby/10.14.2.0/derby-10.14.2.0.jar
java.vendor=Oracle Corporation
java.runtime.version=1.8.0_222-b10
user.dir=/home/jegan/microservices-pune-june-2019/customer-ms
os.name=Linux
os.arch=amd64
os.version=3.10.0-862.el7.x86_64
derby.system.home=null
Database Class Loader started - derby.database.classpath=''
----------------------------------------------------------------
Wed Oct 23 10:18:34 IST 2019:
Shutting down instance 03210338-016d-f38f-fe09-00000bb0b5e0 on database directory memory:/home/jegan/microservices-pune-june-2019/customer-ms/testdb with class loader sun.misc.Launcher$AppClassLoader@764c12b6 
----------------------------------------------------------------
Wed Oct 23 10:18:35 IST 2019:
Booting Derby version The Apache Software Foundation - Apache Derby - 10.14.2.0 - (1828579): instance a23943da-016d-f38f-fe09-00000bb0b5e0 
on database directory memory:/home/jegan/microservices-pune-june-2019/customer-ms/testdb with class loader sun.misc.Launcher$AppClassLoader@764c12b6 
Loaded from file:/home/jegan/.m2/repository/org/apache/derby/derby/10.14.2.0/derby-10.14.2.0.jar
java.vendor=Oracle Corporation
java.runtime.version=1.8.0_222-b10
user.dir=/home/jegan/microservices-pune-june-2019/customer-ms
os.name=Linux
os.arch=amd64
os.version=3.10.0-862.el7.x86_64
derby.system.home=null
Database Class Loader started - derby.database.classpath=''
----------------------------------------------------------------
Wed Oct 23 10:21:21 IST 2019:
Shutting down instance a23943da-016d-f38f-fe09-00000bb0b5e0 on database directory memory:/home/jegan/microservices-pune-june-2019/customer-ms/testdb with class loader sun.misc.Launcher$AppClassLoader@764c12b6 
----------------------------------------------------------------
Wed Oct 23 10:21:24 IST 2019:
Booting Derby version The Apache Software Foundation - Apache Derby - 10.14.2.0 - (1828579): instance 9af2847c-016d-f38f-fe09-00000bb0b5e0 
on database directory memory:/home/jegan/microservices-pune-june-2019/customer-ms/testdb with class loader sun.misc.Launcher$AppClassLoader@764c12b6 
Loaded from file:/home/jegan/.m2/repository/org/apache/derby/derby/10.14.2.0/derby-10.14.2.0.jar
java.vendor=Oracle Corporation
java.runtime.version=1.8.0_222-b10
user.dir=/home/jegan/microservices-pune-june-2019/customer-ms
os.name=Linux
os.arch=amd64
os.version=3.10.0-862.el7.x86_64
derby.system.home=null
Database Class Loader started - derby.database.classpath=''
----------------------------------------------------------------
Wed Oct 23 10:25:51 IST 2019:
Shutting down instance 9af2847c-016d-f38f-fe09-00000bb0b5e0 on database directory memory:/home/jegan/microservices-pune-june-2019/customer-ms/testdb with class loader sun.misc.Launcher$AppClassLoader@764c12b6 
----------------------------------------------------------------
Wed Oct 23 10:25:55 IST 2019:
Booting Derby version The Apache Software Foundation - Apache Derby - 10.14.2.0 - (1828579): instance 6d4cc51e-016d-f38f-fe09-00000bb0b5e0 
on database directory memory:/home/jegan/microservices-pune-june-2019/customer-ms/testdb with class loader sun.misc.Launcher$AppClassLoader@764c12b6 
Loaded from file:/home/jegan/.m2/repository/org/apache/derby/derby/10.14.2.0/derby-10.14.2.0.jar
java.vendor=Oracle Corporation
java.runtime.version=1.8.0_222-b10
user.dir=/home/jegan/microservices-pune-june-2019/customer-ms
os.name=Linux
os.arch=amd64
os.version=3.10.0-862.el7.x86_64
derby.system.home=null
Database Class Loader started - derby.database.classpath=''
----------------------------------------------------------------
Wed Oct 23 10:30:36 IST 2019:
Shutting down instance 6d4cc51e-016d-f38f-fe09-00000bb0b5e0 on database directory memory:/home/jegan/microservices-pune-june-2019/customer-ms/testdb with class loader sun.misc.Launcher$AppClassLoader@764c12b6 
----------------------------------------------------------------
Wed Oct 23 10:30:57 IST 2019:
Booting Derby version The Apache Software Foundation - Apache Derby - 10.14.2.0 - (1828579): instance 994805c0-016d-f38f-fe09-00000bb0b5e0 
on database directory memory:/home/jegan/microservices-pune-june-2019/customer-ms/testdb with class loader sun.misc.Launcher$AppClassLoader@764c12b6 
Loaded from file:/home/jegan/.m2/repository/org/apache/derby/derby/10.14.2.0/derby-10.14.2.0.jar
java.vendor=Oracle Corporation
java.runtime.version=1.8.0_222-b10
user.dir=/home/jegan/microservices-pune-june-2019/customer-ms
os.name=Linux
os.arch=amd64
os.version=3.10.0-862.el7.x86_64
derby.system.home=null
Database Class Loader started - derby.database.classpath=''
----------------------------------------------------------------
Wed Oct 23 10:33:01 IST 2019:
Shutting down instance 994805c0-016d-f38f-fe09-00000bb0b5e0 on database directory memory:/home/jegan/microservices-pune-june-2019/customer-ms/testdb with class loader sun.misc.Launcher$AppClassLoader@764c12b6 
----------------------------------------------------------------
Wed Oct 23 10:33:02 IST 2019:
Booting Derby version The Apache Software Foundation - Apache Derby - 10.14.2.0 - (1828579): instance 9ee44662-016d-f38f-fe09-00000bb0b5e0 
on database directory memory:/home/jegan/microservices-pune-june-2019/customer-ms/testdb with class loader sun.misc.Launcher$AppClassLoader@764c12b6 
Loaded from file:/home/jegan/.m2/repository/org/apache/derby/derby/10.14.2.0/derby-10.14.2.0.jar
java.vendor=Oracle Corporation
java.runtime.version=1.8.0_222-b10
user.dir=/home/jegan/microservices-pune-june-2019/customer-ms
os.name=Linux
os.arch=amd64
os.version=3.10.0-862.el7.x86_64
derby.system.home=null
Database Class Loader started - derby.database.classpath=''
----------------------------------------------------------------
Wed Oct 23 10:35:08 IST 2019:
Shutting down instance 9ee44662-016d-f38f-fe09-00000bb0b5e0 on database directory memory:/home/jegan/microservices-pune-june-2019/customer-ms/testdb with class loader sun.misc.Launcher$AppClassLoader@764c12b6 
----------------------------------------------------------------
Wed Oct 23 10:35:09 IST 2019:
Booting Derby version The Apache Software Foundation - Apache Derby - 10.14.2.0 - (1828579): instance fe218704-016d-f38f-fe09-00000bb0b5e0 
on database directory memory:/home/jegan/microservices-pune-june-2019/customer-ms/testdb with class loader sun.misc.Launcher$AppClassLoader@764c12b6 
Loaded from file:/home/jegan/.m2/repository/org/apache/derby/derby/10.14.2.0/derby-10.14.2.0.jar
java.vendor=Oracle Corporation
java.runtime.version=1.8.0_222-b10
user.dir=/home/jegan/microservices-pune-june-2019/customer-ms
os.name=Linux
os.arch=amd64
os.version=3.10.0-862.el7.x86_64
derby.system.home=null
Database Class Loader started - derby.database.classpath=''
----------------------------------------------------------------
Wed Oct 23 10:37:36 IST 2019:
Shutting down instance fe218704-016d-f38f-fe09-00000bb0b5e0 on database directory memory:/home/jegan/microservices-pune-june-2019/customer-ms/testdb with class loader sun.misc.Launcher$AppClassLoader@764c12b6 
----------------------------------------------------------------
Wed Oct 23 10:37:37 IST 2019:
Booting Derby version The Apache Software Foundation - Apache Derby - 10.14.2.0 - (1828579): instance 36ffc7a6-016d-f38f-fe09-00000bb0b5e0 
on database directory memory:/home/jegan/microservices-pune-june-2019/customer-ms/testdb with class loader sun.misc.Launcher$AppClassLoader@764c12b6 
Loaded from file:/home/jegan/.m2/repository/org/apache/derby/derby/10.14.2.0/derby-10.14.2.0.jar
java.vendor=Oracle Corporation
java.runtime.version=1.8.0_222-b10
user.dir=/home/jegan/microservices-pune-june-2019/customer-ms
os.name=Linux
os.arch=amd64
os.version=3.10.0-862.el7.x86_64
derby.system.home=null
Database Class Loader started - derby.database.classpath=''
----------------------------------------------------------------
Wed Oct 23 11:52:37 IST 2019:
Shutting down instance 36ffc7a6-016d-f38f-fe09-00000bb0b5e0 on database directory memory:/home/jegan/microservices-pune-june-2019/customer-ms/testdb with class loader sun.misc.Launcher$AppClassLoader@764c12b6 
----------------------------------------------------------------
Wed Oct 23 11:52:39 IST 2019:
Booting Derby version The Apache Software Foundation - Apache Derby - 10.14.2.0 - (1828579): instance c97f0848-016d-f38f-fe09-00000bb0b5e0 
on database directory memory:/home/jegan/microservices-pune-june-2019/customer-ms/testdb with class loader sun.misc.Launcher$AppClassLoader@764c12b6 
Loaded from file:/home/jegan/.m2/repository/org/apache/derby/derby/10.14.2.0/derby-10.14.2.0.jar
java.vendor=Oracle Corporation
java.runtime.version=1.8.0_222-b10
user.dir=/home/jegan/microservices-pune-june-2019/customer-ms
os.name=Linux
os.arch=amd64
os.version=3.10.0-862.el7.x86_64
derby.system.home=null
Database Class Loader started - derby.database.classpath=''
----------------------------------------------------------------
Wed Oct 23 11:54:01 IST 2019:
Shutting down instance c97f0848-016d-f38f-fe09-00000bb0b5e0 on database directory memory:/home/jegan/microservices-pune-june-2019/customer-ms/testdb with class loader sun.misc.Launcher$AppClassLoader@764c12b6 
----------------------------------------------------------------
Wed Oct 23 11:54:03 IST 2019:
Booting Derby version The Apache Software Foundation - Apache Derby - 10.14.2.0 - (1828579): instance 359f48ea-016d-f38f-fe09-00000bb0b5e0 
on database directory memory:/home/jegan/microservices-pune-june-2019/customer-ms/testdb with class loader sun.misc.Launcher$AppClassLoader@764c12b6 
Loaded from file:/home/jegan/.m2/repository/org/apache/derby/derby/10.14.2.0/derby-10.14.2.0.jar
java.vendor=Oracle Corporation
java.runtime.version=1.8.0_222-b10
user.dir=/home/jegan/microservices-pune-june-2019/customer-ms
os.name=Linux
os.arch=amd64
os.version=3.10.0-862.el7.x86_64
derby.system.home=null
Database Class Loader started - derby.database.classpath=''
----------------------------------------------------------------
Wed Oct 23 11:57:23 IST 2019:
Shutting down instance 359f48ea-016d-f38f-fe09-00000bb0b5e0 on database directory memory:/home/jegan/microservices-pune-june-2019/customer-ms/testdb with class loader sun.misc.Launcher$AppClassLoader@764c12b6 
----------------------------------------------------------------
Wed Oct 23 11:57:24 IST 2019:
Booting Derby version The Apache Software Foundation - Apache Derby - 10.14.2.0 - (1828579): instance fb60898c-016d-f38f-fe09-00000bb0b5e0 
on database directory memory:/home/jegan/microservices-pune-june-2019/customer-ms/testdb with class loader sun.misc.Launcher$AppClassLoader@764c12b6 
Loaded from file:/home/jegan/.m2/repository/org/apache/derby/derby/10.14.2.0/derby-10.14.2.0.jar
java.vendor=Oracle Corporation
java.runtime.version=1.8.0_222-b10
user.dir=/home/jegan/microservices-pune-june-2019/customer-ms
os.name=Linux
os.arch=amd64
os.version=3.10.0-862.el7.x86_64
derby.system.home=null
Database Class Loader started - derby.database.classpath=''
----------------------------------------------------------------
Wed Oct 23 12:04:24 IST 2019:
Shutting down instance fb60898c-016d-f38f-fe09-00000bb0b5e0 on database directory memory:/home/jegan/microservices-pune-june-2019/customer-ms/testdb with class loader sun.misc.Launcher$AppClassLoader@764c12b6 
----------------------------------------------------------------
Wed Oct 23 12:04:25 IST 2019:
Booting Derby version The Apache Software Foundation - Apache Derby - 10.14.2.0 - (1828579): instance 9ac2ca2e-016d-f38f-fe09-00000bb0b5e0 
on database directory memory:/home/jegan/microservices-pune-june-2019/customer-ms/testdb with class loader sun.misc.Launcher$AppClassLoader@764c12b6 
Loaded from file:/home/jegan/.m2/repository/org/apache/derby/derby/10.14.2.0/derby-10.14.2.0.jar
java.vendor=Oracle Corporation
java.runtime.version=1.8.0_222-b10
user.dir=/home/jegan/microservices-pune-june-2019/customer-ms
os.name=Linux
os.arch=amd64
os.version=3.10.0-862.el7.x86_64
derby.system.home=null
Database Class Loader started - derby.database.classpath=''
